<?xml version="1.0" encoding="UTF-8"?>
<testsuite name="UserTest" tests="1" skipped="0" failures="0" errors="0" timestamp="2024-06-17T04:42:11" hostname="DESKTOP-2DE5DPI" time="0.01">
  <properties/>
  <testcase name="sum()" classname="UserTest" time="0.01"/>
  <system-out><![CDATA[]]></system-out>
  <system-err><![CDATA[]]></system-err>
</testsuite>
